<?xml version="1.0" encoding="UTF-8"?>
<testsuite name="com.mockcompany.webapp.controller.ProductsControllerSpec" tests="1" skipped="0" failures="0" errors="0" timestamp="2022-06-01T21:09:07" hostname="Huiyis-MacBook-Pro.local" time="1.997">
  <properties/>
  <testcase name="GET on /api/products/list will return all products" classname="com.mockcompany.webapp.controller.ProductsControllerSpec" time="1.997"/>
  <system-out><![CDATA[2022-06-01 17:09:07.253  INFO 42405 --- [    Test worker] .b.t.c.SpringBootTestContextBootstrapper : Neither @ContextConfiguration nor @ContextHierarchy found for test class [com.mockcompany.webapp.controller.ProductsControllerSpec], using SpringBootContextLoader
2022-06-01 17:09:07.254  INFO 42405 --- [    Test worker] o.s.t.c.support.AbstractContextLoader    : Could not detect default resource locations for test class [com.mockcompany.webapp.controller.ProductsControllerSpec]: no resource found for suffixes {-context.xml, Context.groovy}.
2022-06-01 17:09:07.255  INFO 42405 --- [    Test worker] t.c.s.AnnotationConfigContextLoaderUtils : Could not detect default configuration classes for test class [com.mockcompany.webapp.controller.ProductsControllerSpec]: ProductsControllerSpec does not declare any static, non-private, non-final, nested classes annotated with @Configuration.
2022-06-01 17:09:07.265  INFO 42405 --- [    Test worker] .b.t.c.SpringBootTestContextBootstrapper : Found @SpringBootConfiguration com.mockcompany.webapp.Application for test class com.mockcompany.webapp.controller.ProductsControllerSpec
2022-06-01 17:09:07.267  INFO 42405 --- [    Test worker] .b.t.c.SpringBootTestContextBootstrapper : Loaded default TestExecutionListener class names from location [META-INF/spring.factories]: [org.spockframework.spring.SpringMockTestExecutionListener, org.springframework.boot.test.autoconfigure.restdocs.RestDocsTestExecutionListener, org.springframework.boot.test.autoconfigure.web.client.MockRestServiceServerResetTestExecutionListener, org.springframework.boot.test.autoconfigure.web.servlet.MockMvcPrintOnlyOnFailureTestExecutionListener, org.springframework.boot.test.autoconfigure.web.servlet.WebDriverTestExecutionListener, org.springframework.boot.test.autoconfigure.webservices.client.MockWebServiceServerTestExecutionListener, org.springframework.boot.test.mock.mockito.MockitoTestExecutionListener, org.springframework.boot.test.mock.mockito.ResetMocksTestExecutionListener, org.springframework.test.context.web.ServletTestExecutionListener, org.springframework.test.context.support.DirtiesContextBeforeModesTestExecutionListener, org.springframework.test.context.event.ApplicationEventsTestExecutionListener, org.springframework.test.context.support.DependencyInjectionTestExecutionListener, org.springframework.test.context.support.DirtiesContextTestExecutionListener, org.springframework.test.context.transaction.TransactionalTestExecutionListener, org.springframework.test.context.jdbc.SqlScriptsTestExecutionListener, org.springframework.test.context.event.EventPublishingTestExecutionListener]
2022-06-01 17:09:07.268  INFO 42405 --- [    Test worker] .b.t.c.SpringBootTestContextBootstrapper : Using TestExecutionListeners: [org.springframework.test.context.web.ServletTestExecutionListener@87effa4, org.springframework.test.context.support.DirtiesContextBeforeModesTestExecutionListener@5c3ce752, org.springframework.test.context.event.ApplicationEventsTestExecutionListener@22a8c758, org.springframework.boot.test.mock.mockito.MockitoTestExecutionListener@5b73f367, org.springframework.boot.test.autoconfigure.SpringBootDependencyInjectionTestExecutionListener@240fb472, org.springframework.test.context.support.DirtiesContextTestExecutionListener@1f32c1d6, org.springframework.test.context.transaction.TransactionalTestExecutionListener@7bc4576f, org.springframework.test.context.jdbc.SqlScriptsTestExecutionListener@3f687bbb, org.springframework.test.context.event.EventPublishingTestExecutionListener@669df400, org.springframework.boot.test.autoconfigure.restdocs.RestDocsTestExecutionListener@6f28b574, org.springframework.boot.test.autoconfigure.web.client.MockRestServiceServerResetTestExecutionListener@360ef8d1, org.springframework.boot.test.autoconfigure.web.servlet.MockMvcPrintOnlyOnFailureTestExecutionListener@4ac7f808, org.springframework.boot.test.autoconfigure.web.servlet.WebDriverTestExecutionListener@437328a4, org.springframework.boot.test.autoconfigure.webservices.client.MockWebServiceServerTestExecutionListener@695ab6ab, org.springframework.boot.test.mock.mockito.ResetMocksTestExecutionListener@28531321, org.spockframework.spring.SpringMockTestExecutionListener@5da1a99b]

  .   ____          _            __ _ _
 /\\ / ___'_ __ _ _(_)_ __  __ _ \ \ \ \
( ( )\___ | '_ | '_| | '_ \/ _` | \ \ \ \
 \\/  ___)| |_)| | | | | || (_| |  ) ) ) )
  '  |____| .__|_| |_|_| |_\__, | / / / /
 =========|_|==============|___/=/_/_/_/
 :: Spring Boot ::                (v2.5.1)

2022-06-01 17:09:07.400  INFO 42405 --- [    Test worker] c.m.w.controller.ProductsControllerSpec  : Starting ProductsControllerSpec using Java 15.0.2 on Huiyis-MacBook-Pro.local with PID 42405 (/Users/chy/IdeaProjects/mock-company-webapp/build/classes/groovy/test started by chy in /Users/chy/IdeaProjects/mock-company-webapp)
2022-06-01 17:09:07.402  INFO 42405 --- [    Test worker] c.m.w.controller.ProductsControllerSpec  : No active profile set, falling back to default profiles: default
2022-06-01 17:09:07.768  INFO 42405 --- [    Test worker] .s.d.r.c.RepositoryConfigurationDelegate : Bootstrapping Spring Data JPA repositories in DEFAULT mode.
2022-06-01 17:09:07.780  INFO 42405 --- [    Test worker] .s.d.r.c.RepositoryConfigurationDelegate : Finished Spring Data repository scanning in 11 ms. Found 1 JPA repository interfaces.
2022-06-01 17:09:08.083  INFO 42405 --- [    Test worker] com.zaxxer.hikari.HikariDataSource       : HikariPool-2 - Starting...
2022-06-01 17:09:08.085  INFO 42405 --- [    Test worker] com.zaxxer.hikari.HikariDataSource       : HikariPool-2 - Start completed.
2022-06-01 17:09:08.129  INFO 42405 --- [    Test worker] o.hibernate.jpa.internal.util.LogHelper  : HHH000204: Processing PersistenceUnitInfo [name: default]
2022-06-01 17:09:08.154  INFO 42405 --- [    Test worker] org.hibernate.dialect.Dialect            : HHH000400: Using dialect: org.hibernate.dialect.H2Dialect
2022-06-01 17:09:08.187  INFO 42405 --- [    Test worker] o.h.e.t.j.p.i.JtaPlatformInitiator       : HHH000490: Using JtaPlatform implementation: [org.hibernate.engine.transaction.jta.platform.internal.NoJtaPlatform]
2022-06-01 17:09:08.188  INFO 42405 --- [    Test worker] j.LocalContainerEntityManagerFactoryBean : Initialized JPA EntityManagerFactory for persistence unit 'default'
2022-06-01 17:09:08.489  WARN 42405 --- [    Test worker] JpaBaseConfiguration$JpaWebConfiguration : spring.jpa.open-in-view is enabled by default. Therefore, database queries may be performed during view rendering. Explicitly configure spring.jpa.open-in-view to disable this warning
2022-06-01 17:09:09.000  INFO 42405 --- [    Test worker] o.s.b.t.m.w.SpringBootMockServletContext : Initializing Spring TestDispatcherServlet ''
2022-06-01 17:09:09.001  INFO 42405 --- [    Test worker] o.s.t.web.servlet.TestDispatcherServlet  : Initializing Servlet ''
2022-06-01 17:09:09.002  INFO 42405 --- [    Test worker] o.s.t.web.servlet.TestDispatcherServlet  : Completed initialization in 1 ms
2022-06-01 17:09:09.022  INFO 42405 --- [    Test worker] c.m.w.controller.ProductsControllerSpec  : Started ProductsControllerSpec in 1.726 seconds (JVM running for 20.41)
]]></system-out>
  <system-err><![CDATA[]]></system-err>
</testsuite>
