<?xml version="1.0" encoding="UTF-8"?>
<testsuite name="com.mockcompany.webapp.controller.ReportControllerSpec" tests="1" skipped="0" failures="1" errors="0" timestamp="2022-06-01T21:09:09" hostname="Huiyis-MacBook-Pro.local" time="0.293">
  <properties/>
  <testcase name="reports correct number of results for each important term" classname="com.mockcompany.webapp.controller.ReportControllerSpec" time="0.293">
    <failure message="Condition not satisfied:&#10;&#10;response.searchTermHits?.get(&quot;Cool&quot;) == 3&#10;|        |               |           |&#10;|        |               0           false&#10;|        [Amazing:0, Cool:0, Kids:0, Perfect:0]&#10;&lt;com.mockcompany.webapp.api.SearchReportResponse@52fa8c11 productCount=10 searchTermHits=[Amazing:0, Cool:0, Kids:0, Perfect:0]&gt;&#10;" type="org.spockframework.runtime.SpockComparisonFailure">Condition not satisfied:

response.searchTermHits?.get(&quot;Cool&quot;) == 3
|        |               |           |
|        |               0           false
|        [Amazing:0, Cool:0, Kids:0, Perfect:0]
&lt;com.mockcompany.webapp.api.SearchReportResponse@52fa8c11 productCount=10 searchTermHits=[Amazing:0, Cool:0, Kids:0, Perfect:0]&gt;

	at com.mockcompany.webapp.controller.ReportControllerSpec.reports correct number of results for each important term(ReportControllerSpec.groovy:68)
</failure>
  </testcase>
  <system-out><![CDATA[2022-06-01 17:09:09.297  INFO 42405 --- [    Test worker] .b.t.c.SpringBootTestContextBootstrapper : Neither @ContextConfiguration nor @ContextHierarchy found for test class [com.mockcompany.webapp.controller.ReportControllerSpec], using SpringBootContextLoader
2022-06-01 17:09:09.302  INFO 42405 --- [    Test worker] o.s.t.c.support.AbstractContextLoader    : Could not detect default resource locations for test class [com.mockcompany.webapp.controller.ReportControllerSpec]: no resource found for suffixes {-context.xml, Context.groovy}.
2022-06-01 17:09:09.303  INFO 42405 --- [    Test worker] t.c.s.AnnotationConfigContextLoaderUtils : Could not detect default configuration classes for test class [com.mockcompany.webapp.controller.ReportControllerSpec]: ReportControllerSpec does not declare any static, non-private, non-final, nested classes annotated with @Configuration.
2022-06-01 17:09:09.305  INFO 42405 --- [    Test worker] .b.t.c.SpringBootTestContextBootstrapper : Found @SpringBootConfiguration com.mockcompany.webapp.Application for test class com.mockcompany.webapp.controller.ReportControllerSpec
2022-06-01 17:09:09.307  INFO 42405 --- [    Test worker] .b.t.c.SpringBootTestContextBootstrapper : Loaded default TestExecutionListener class names from location [META-INF/spring.factories]: [org.spockframework.spring.SpringMockTestExecutionListener, org.springframework.boot.test.autoconfigure.restdocs.RestDocsTestExecutionListener, org.springframework.boot.test.autoconfigure.web.client.MockRestServiceServerResetTestExecutionListener, org.springframework.boot.test.autoconfigure.web.servlet.MockMvcPrintOnlyOnFailureTestExecutionListener, org.springframework.boot.test.autoconfigure.web.servlet.WebDriverTestExecutionListener, org.springframework.boot.test.autoconfigure.webservices.client.MockWebServiceServerTestExecutionListener, org.springframework.boot.test.mock.mockito.MockitoTestExecutionListener, org.springframework.boot.test.mock.mockito.ResetMocksTestExecutionListener, org.springframework.test.context.web.ServletTestExecutionListener, org.springframework.test.context.support.DirtiesContextBeforeModesTestExecutionListener, org.springframework.test.context.event.ApplicationEventsTestExecutionListener, org.springframework.test.context.support.DependencyInjectionTestExecutionListener, org.springframework.test.context.support.DirtiesContextTestExecutionListener, org.springframework.test.context.transaction.TransactionalTestExecutionListener, org.springframework.test.context.jdbc.SqlScriptsTestExecutionListener, org.springframework.test.context.event.EventPublishingTestExecutionListener]
2022-06-01 17:09:09.307  INFO 42405 --- [    Test worker] .b.t.c.SpringBootTestContextBootstrapper : Using TestExecutionListeners: [org.springframework.test.context.web.ServletTestExecutionListener@5fc29a0a, org.springframework.test.context.support.DirtiesContextBeforeModesTestExecutionListener@6903c647, org.springframework.test.context.event.ApplicationEventsTestExecutionListener@1d0063eb, org.springframework.boot.test.mock.mockito.MockitoTestExecutionListener@4a947574, org.springframework.boot.test.autoconfigure.SpringBootDependencyInjectionTestExecutionListener@14db4e6, org.springframework.test.context.support.DirtiesContextTestExecutionListener@768b7b76, org.springframework.test.context.transaction.TransactionalTestExecutionListener@688a4177, org.springframework.test.context.jdbc.SqlScriptsTestExecutionListener@1dcb6c7, org.springframework.test.context.event.EventPublishingTestExecutionListener@6d5ac89e, org.springframework.boot.test.autoconfigure.restdocs.RestDocsTestExecutionListener@40a74e88, org.springframework.boot.test.autoconfigure.web.client.MockRestServiceServerResetTestExecutionListener@7a9c3e12, org.springframework.boot.test.autoconfigure.web.servlet.MockMvcPrintOnlyOnFailureTestExecutionListener@1e92c508, org.springframework.boot.test.autoconfigure.web.servlet.WebDriverTestExecutionListener@25b7f07c, org.springframework.boot.test.autoconfigure.webservices.client.MockWebServiceServerTestExecutionListener@5f1e394c, org.springframework.boot.test.mock.mockito.ResetMocksTestExecutionListener@4469e013, org.spockframework.spring.SpringMockTestExecutionListener@4cdbc713]
]]></system-out>
  <system-err><![CDATA[]]></system-err>
</testsuite>
